d:\qtprojects\powerplanthttp\httppowerplant\httpserver\qww\src\vs2015\debug\httputillib.pch
d:\qtprojects\powerplanthttp\httppowerplant\httpserver\qww\src\vs2015\debug\vc141.pdb
d:\qtprojects\powerplanthttp\httppowerplant\httpserver\qww\src\vs2015\debug\vc141.idb
d:\qtprojects\powerplanthttp\httppowerplant\httpserver\qww\src\vs2015\debug\stdafx.obj
d:\qtprojects\powerplanthttp\httppowerplant\httpserver\qww\src\vs2015\debug\dllmain.obj
d:\qtprojects\powerplanthttp\httppowerplant\httpserver\qww\src\vs2015\debug\algorithm_hmac.obj
d:\qtprojects\powerplanthttp\httppowerplant\httpserver\qww\src\vs2015\debug\demo.obj
d:\qtprojects\powerplanthttp\httppowerplant\httpserver\qww\src\vs2015\debug\httputil.obj
d:\qtprojects\powerplanthttp\httppowerplant\httpserver\qww\src\vs2015\debug\signutil.obj
d:\qtprojects\powerplanthttp\httppowerplant\httpserver\qww\src\vs2015\debug\winutil.obj
d:\qtprojects\powerplanthttp\httppowerplant\httpserver\qww\src\vs2015\debug\httputillib.obj
d:\qtprojects\powerplanthttp\httppowerplant\httpserver\qww\src\vs2015\debug\simple_http_client.obj
d:\qtprojects\powerplanthttp\httppowerplant\httpserver\qww\src\vs2015\debug\applink.obj
d:\softwaredevelopement\ghdc\http\http\qww\src\vs2015\debug\httputillib.pch
d:\softwaredevelopement\ghdc\http\http\qww\src\vs2015\debug\vc141.pdb
d:\softwaredevelopement\ghdc\http\http\qww\src\vs2015\debug\vc141.idb
d:\softwaredevelopement\ghdc\http\http\qww\src\vs2015\debug\stdafx.obj
d:\softwaredevelopement\ghdc\http\http\qww\src\vs2015\debug\dllmain.obj
d:\softwaredevelopement\ghdc\http\http\qww\src\vs2015\debug\algorithm_hmac.obj
d:\softwaredevelopement\ghdc\http\http\qww\src\vs2015\debug\demo.obj
d:\softwaredevelopement\ghdc\http\http\qww\src\vs2015\debug\httputil.obj
d:\softwaredevelopement\ghdc\http\http\qww\src\vs2015\debug\signutil.obj
d:\softwaredevelopement\ghdc\http\http\qww\src\vs2015\debug\winutil.obj
d:\softwaredevelopement\ghdc\http\http\qww\src\vs2015\debug\httputillib.obj
d:\softwaredevelopement\ghdc\http\http\qww\src\vs2015\debug\simple_http_client.obj
d:\softwaredevelopement\ghdc\http\http\qww\src\vs2015\debug\applink.obj
d:\qtprojects\powerplanthttp\httppowerplant\httpserver\qww\src\win32\debug\httputillib.lib
d:\qtprojects\powerplanthttp\httppowerplant\httpserver\qww\src\win32\debug\httputillib.exp
d:\qtprojects\powerplanthttp\httppowerplant\httpserver\qww\src\win32\debug\httputillib.ilk
d:\qtprojects\powerplanthttp\httppowerplant\httpserver\qww\src\win32\debug\httputillib.dll
d:\qtprojects\powerplanthttp\httppowerplant\httpserver\qww\src\win32\debug\httputillib.pdb
d:\qtprojects\powerplanthttp\httppowerplant\httpserver\qww\src\vs2015\debug\resource.res
d:\softwaredevelopement\ghdc\http\http\qww\src\vs2015\debug\resource.res
d:\softwaredevelopement\ghdc\http\http\qww\src\vs2015\debug\httputillib.tlog\cl.command.1.tlog
d:\softwaredevelopement\ghdc\http\http\qww\src\vs2015\debug\httputillib.tlog\cl.read.1.tlog
d:\softwaredevelopement\ghdc\http\http\qww\src\vs2015\debug\httputillib.tlog\cl.write.1.tlog
d:\softwaredevelopement\ghdc\http\http\qww\src\vs2015\debug\httputillib.tlog\httputillib.write.1u.tlog
d:\softwaredevelopement\ghdc\http\http\qww\src\vs2015\debug\httputillib.tlog\link.command.1.tlog
d:\softwaredevelopement\ghdc\http\http\qww\src\vs2015\debug\httputillib.tlog\link.read.1.tlog
d:\softwaredevelopement\ghdc\http\http\qww\src\vs2015\debug\httputillib.tlog\link.write.1.tlog
d:\softwaredevelopement\ghdc\http\http\qww\src\vs2015\debug\httputillib.tlog\rc.command.1.tlog
d:\softwaredevelopement\ghdc\http\http\qww\src\vs2015\debug\httputillib.tlog\rc.read.1.tlog
d:\softwaredevelopement\ghdc\http\http\qww\src\vs2015\debug\httputillib.tlog\rc.write.1.tlog
