d:\softwaredevelopement\ghdc\http\http\qww\src\vs2015\release\httputillib.pch
d:\softwaredevelopement\ghdc\http\http\qww\src\vs2015\release\vc141.pdb
d:\softwaredevelopement\ghdc\http\http\qww\src\vs2015\release\stdafx.obj
d:\softwaredevelopement\ghdc\http\http\qww\src\vs2015\release\dllmain.obj
d:\softwaredevelopement\ghdc\http\http\qww\src\vs2015\release\simple_http_client.obj
d:\softwaredevelopement\ghdc\http\http\qww\src\vs2015\release\httputillib.obj
d:\softwaredevelopement\ghdc\http\http\qww\src\vs2015\release\winutil.obj
d:\softwaredevelopement\ghdc\http\http\qww\src\vs2015\release\signutil.obj
d:\softwaredevelopement\ghdc\http\http\qww\src\vs2015\release\httputil.obj
d:\softwaredevelopement\ghdc\http\http\qww\src\vs2015\release\demo.obj
d:\softwaredevelopement\ghdc\http\http\qww\src\vs2015\release\algorithm_hmac.obj
d:\softwaredevelopement\ghdc\http\http\qww\src\vs2015\release\applink.obj
d:\softwaredevelopement\ghdc\http\http\qww\src\win32\release\httputillib.dll
d:\softwaredevelopement\ghdc\http\http\qww\src\win32\release\httputillib.pdb
d:\softwaredevelopement\ghdc\http\http\qww\src\vs2015\release\resource.res
d:\softwaredevelopement\ghdc\http\http\qww\src\vs2015\./../win32/release\httputillib.dll
d:\softwaredevelopement\ghdc\http\http\qww\src\vs2015\release\httputillib.tlog\cl.command.1.tlog
d:\softwaredevelopement\ghdc\http\http\qww\src\vs2015\release\httputillib.tlog\cl.read.1.tlog
d:\softwaredevelopement\ghdc\http\http\qww\src\vs2015\release\httputillib.tlog\cl.write.1.tlog
d:\softwaredevelopement\ghdc\http\http\qww\src\vs2015\release\httputillib.tlog\httputillib.write.1u.tlog
d:\softwaredevelopement\ghdc\http\http\qww\src\vs2015\release\httputillib.tlog\link.command.1.tlog
d:\softwaredevelopement\ghdc\http\http\qww\src\vs2015\release\httputillib.tlog\link.read.1.tlog
d:\softwaredevelopement\ghdc\http\http\qww\src\vs2015\release\httputillib.tlog\link.write.1.tlog
d:\softwaredevelopement\ghdc\http\http\qww\src\vs2015\release\httputillib.tlog\rc.command.1.tlog
d:\softwaredevelopement\ghdc\http\http\qww\src\vs2015\release\httputillib.tlog\rc.read.1.tlog
d:\softwaredevelopement\ghdc\http\http\qww\src\vs2015\release\httputillib.tlog\rc.write.1.tlog
